<?xml version="1.0" encoding="UTF-8"?>
<coverage generated="1680451111001" clover="3.2.0">
  <project timestamp="1680451111001" name="All files">
    <metrics statements="108" coveredstatements="105" conditionals="63" coveredconditionals="60" methods="19" coveredmethods="18" elements="190" coveredelements="183" complexity="0" loc="108" ncloc="108" packages="2" files="6" classes="6"/>
    <package name="src">
      <metrics statements="98" coveredstatements="95" conditionals="61" coveredconditionals="58" methods="15" coveredmethods="14"/>
      <file name="MakeAction.ts" path="/home/dmitry/sites/react_course/first_dz/src/MakeAction.ts">
        <metrics statements="18" coveredstatements="18" conditionals="7" coveredconditionals="7" methods="6" coveredmethods="6"/>
        <line num="7" count="11" type="stmt"/>
        <line num="8" count="11" type="stmt"/>
        <line num="10" count="7" type="cond" truecount="2" falsecount="0"/>
        <line num="11" count="2" type="stmt"/>
        <line num="14" count="5" type="cond" truecount="5" falsecount="0"/>
        <line num="16" count="1" type="stmt"/>
        <line num="18" count="1" type="stmt"/>
        <line num="20" count="1" type="stmt"/>
        <line num="22" count="1" type="stmt"/>
        <line num="24" count="1" type="stmt"/>
        <line num="28" count="11" type="stmt"/>
        <line num="29" count="1" type="stmt"/>
        <line num="31" count="11" type="stmt"/>
        <line num="32" count="1" type="stmt"/>
        <line num="34" count="11" type="stmt"/>
        <line num="35" count="1" type="stmt"/>
        <line num="37" count="11" type="stmt"/>
        <line num="38" count="1" type="stmt"/>
      </file>
      <file name="Parser.ts" path="/home/dmitry/sites/react_course/first_dz/src/Parser.ts">
        <metrics statements="80" coveredstatements="77" conditionals="54" coveredconditionals="51" methods="9" coveredmethods="8"/>
        <line num="6" count="21" type="stmt"/>
        <line num="7" count="21" type="stmt"/>
        <line num="10" count="21" type="stmt"/>
        <line num="12" count="21" type="cond" truecount="4" falsecount="0"/>
        <line num="13" count="2" type="stmt"/>
        <line num="16" count="19" type="cond" truecount="2" falsecount="0"/>
        <line num="20" count="4" type="stmt"/>
        <line num="23" count="15" type="stmt"/>
        <line num="26" count="21" type="cond" truecount="1" falsecount="0"/>
        <line num="27" count="39" type="stmt"/>
        <line num="28" count="39" type="cond" truecount="2" falsecount="0"/>
        <line num="29" count="15" type="stmt"/>
        <line num="32" count="39" type="cond" truecount="3" falsecount="1"/>
        <line num="33" count="10" type="stmt"/>
        <line num="35" count="9" type="stmt"/>
        <line num="36" count="85" type="cond" truecount="2" falsecount="0"/>
        <line num="37" count="7" type="stmt"/>
        <line num="40" count="9" type="stmt"/>
        <line num="41" count="75" type="cond" truecount="2" falsecount="0"/>
        <line num="42" count="13" type="stmt"/>
        <line num="47" count="38" type="cond" truecount="4" falsecount="0"/>
        <line num="48" count="29" type="stmt"/>
        <line num="52" count="29" type="cond" truecount="3" falsecount="1"/>
        <line num="53" count="0" type="stmt"/>
        <line num="56" count="29" type="stmt"/>
        <line num="61" count="29" type="stmt"/>
        <line num="67" count="9" type="stmt"/>
        <line num="70" count="21" type="stmt"/>
        <line num="71" count="20" type="stmt"/>
        <line num="73" count="20" type="stmt"/>
        <line num="75" count="20" type="stmt"/>
        <line num="79" count="20" type="stmt"/>
        <line num="80" count="20" type="stmt"/>
        <line num="81" count="20" type="stmt"/>
        <line num="83" count="20" type="stmt"/>
        <line num="84" count="52" type="cond" truecount="2" falsecount="0"/>
        <line num="85" count="6" type="stmt"/>
        <line num="86" count="6" type="stmt"/>
        <line num="90" count="20" type="cond" truecount="2" falsecount="0"/>
        <line num="91" count="6" type="stmt"/>
        <line num="93" count="6" type="stmt"/>
        <line num="96" count="20" type="stmt"/>
        <line num="100" count="20" type="stmt"/>
        <line num="102" count="20" type="stmt"/>
        <line num="103" count="56" type="cond" truecount="2" falsecount="0"/>
        <line num="104" count="7" type="stmt"/>
        <line num="105" count="7" type="stmt"/>
        <line num="109" count="20" type="stmt"/>
        <line num="114" count="20" type="stmt"/>
        <line num="119" count="20" type="stmt"/>
        <line num="127" count="20" type="stmt"/>
        <line num="134" count="21" type="stmt"/>
        <line num="138" count="10" type="stmt"/>
        <line num="140" count="10" type="stmt"/>
        <line num="145" count="10" type="stmt"/>
        <line num="150" count="10" type="cond" truecount="2" falsecount="0"/>
        <line num="151" count="1" type="stmt"/>
        <line num="154" count="9" type="cond" truecount="2" falsecount="0"/>
        <line num="155" count="5" type="stmt"/>
        <line num="158" count="4" type="stmt"/>
        <line num="160" count="4" type="stmt"/>
        <line num="162" count="4" type="stmt"/>
        <line num="163" count="55" type="cond" truecount="2" falsecount="0"/>
        <line num="164" count="37" type="cond" truecount="2" falsecount="0"/>
        <line num="165" count="5" type="stmt"/>
        <line num="168" count="37" type="cond" truecount="4" falsecount="0"/>
        <line num="169" count="4" type="stmt"/>
        <line num="174" count="4" type="stmt"/>
        <line num="176" count="4" type="stmt"/>
        <line num="183" count="4" type="stmt"/>
        <line num="188" count="4" type="stmt"/>
        <line num="191" count="21" type="stmt"/>
        <line num="192" count="0" type="stmt"/>
        <line num="193" count="0" type="stmt"/>
        <line num="196" count="21" type="stmt"/>
        <line num="200" count="20" type="stmt"/>
        <line num="201" count="20" type="stmt"/>
        <line num="202" count="20" type="stmt"/>
        <line num="205" count="13" type="stmt"/>
        <line num="208" count="20" type="stmt"/>
      </file>
    </package>
    <package name="src.MathOperators">
      <metrics statements="10" coveredstatements="10" conditionals="2" coveredconditionals="2" methods="4" coveredmethods="4"/>
      <file name="Addition.ts" path="/home/dmitry/sites/react_course/first_dz/src/MathOperators/Addition.ts">
        <metrics statements="2" coveredstatements="2" conditionals="0" coveredconditionals="0" methods="1" coveredmethods="1"/>
        <line num="1" count="3" type="stmt"/>
        <line num="2" count="3" type="stmt"/>
      </file>
      <file name="Division.ts" path="/home/dmitry/sites/react_course/first_dz/src/MathOperators/Division.ts">
        <metrics statements="4" coveredstatements="4" conditionals="2" coveredconditionals="2" methods="1" coveredmethods="1"/>
        <line num="1" count="3" type="stmt"/>
        <line num="2" count="5" type="cond" truecount="2" falsecount="0"/>
        <line num="3" count="1" type="stmt"/>
        <line num="6" count="4" type="stmt"/>
      </file>
      <file name="Multiplication.ts" path="/home/dmitry/sites/react_course/first_dz/src/MathOperators/Multiplication.ts">
        <metrics statements="2" coveredstatements="2" conditionals="0" coveredconditionals="0" methods="1" coveredmethods="1"/>
        <line num="1" count="3" type="stmt"/>
        <line num="2" count="4" type="stmt"/>
      </file>
      <file name="Subtraction.ts" path="/home/dmitry/sites/react_course/first_dz/src/MathOperators/Subtraction.ts">
        <metrics statements="2" coveredstatements="2" conditionals="0" coveredconditionals="0" methods="1" coveredmethods="1"/>
        <line num="1" count="3" type="stmt"/>
        <line num="2" count="4" type="stmt"/>
      </file>
    </package>
  </project>
</coverage>
