{"/home/dmitry/sites/react_course/first_dz/src/MakeAction.ts": {"path":"/home/dmitry/sites/react_course/first_dz/src/MakeAction.ts","statementMap":{"0":{"start":{"line":7,"column":14},"end":{"line":26,"column":5}},"1":{"start":{"line":8,"column":23},"end":{"line":8,"column":42}},"2":{"start":{"line":8,"column":39},"end":{"line":8,"column":41}},"3":{"start":{"line":10,"column":8},"end":{"line":12,"column":9}},"4":{"start":{"line":11,"column":12},"end":{"line":11,"column":60}},"5":{"start":{"line":14,"column":8},"end":{"line":25,"column":9}},"6":{"start":{"line":16,"column":16},"end":{"line":16,"column":62}},"7":{"start":{"line":18,"column":16},"end":{"line":18,"column":65}},"8":{"start":{"line":20,"column":16},"end":{"line":20,"column":62}},"9":{"start":{"line":22,"column":16},"end":{"line":22,"column":68}},"10":{"start":{"line":24,"column":16},"end":{"line":24,"column":69}},"11":{"start":{"line":28,"column":24},"end":{"line":30,"column":5}},"12":{"start":{"line":29,"column":8},"end":{"line":29,"column":26}},"13":{"start":{"line":31,"column":18},"end":{"line":33,"column":5}},"14":{"start":{"line":32,"column":8},"end":{"line":32,"column":25}},"15":{"start":{"line":34,"column":18},"end":{"line":36,"column":5}},"16":{"start":{"line":35,"column":8},"end":{"line":35,"column":25}},"17":{"start":{"line":37,"column":21},"end":{"line":39,"column":5}},"18":{"start":{"line":38,"column":8},"end":{"line":38,"column":25}}},"fnMap":{"0":{"name":"(anonymous_0)","decl":{"start":{"line":7,"column":14},"end":{"line":7,"column":15}},"loc":{"start":{"line":7,"column":63},"end":{"line":26,"column":5}},"line":7},"1":{"name":"(anonymous_1)","decl":{"start":{"line":8,"column":32},"end":{"line":8,"column":33}},"loc":{"start":{"line":8,"column":39},"end":{"line":8,"column":41}},"line":8},"2":{"name":"(anonymous_2)","decl":{"start":{"line":28,"column":24},"end":{"line":28,"column":25}},"loc":{"start":{"line":28,"column":64},"end":{"line":30,"column":5}},"line":28},"3":{"name":"(anonymous_3)","decl":{"start":{"line":31,"column":18},"end":{"line":31,"column":19}},"loc":{"start":{"line":31,"column":58},"end":{"line":33,"column":5}},"line":31},"4":{"name":"(anonymous_4)","decl":{"start":{"line":34,"column":18},"end":{"line":34,"column":19}},"loc":{"start":{"line":34,"column":58},"end":{"line":36,"column":5}},"line":34},"5":{"name":"(anonymous_5)","decl":{"start":{"line":37,"column":21},"end":{"line":37,"column":22}},"loc":{"start":{"line":37,"column":61},"end":{"line":39,"column":5}},"line":37}},"branchMap":{"0":{"loc":{"start":{"line":10,"column":8},"end":{"line":12,"column":9}},"type":"if","locations":[{"start":{"line":10,"column":8},"end":{"line":12,"column":9}},{"start":{},"end":{}}],"line":10},"1":{"loc":{"start":{"line":14,"column":8},"end":{"line":25,"column":9}},"type":"switch","locations":[{"start":{"line":15,"column":12},"end":{"line":16,"column":62}},{"start":{"line":17,"column":12},"end":{"line":18,"column":65}},{"start":{"line":19,"column":12},"end":{"line":20,"column":62}},{"start":{"line":21,"column":12},"end":{"line":22,"column":68}},{"start":{"line":23,"column":12},"end":{"line":24,"column":69}}],"line":14}},"s":{"0":7,"1":7,"2":11,"3":7,"4":2,"5":5,"6":0,"7":0,"8":0,"9":4,"10":1,"11":7,"12":3,"13":7,"14":0,"15":7,"16":0,"17":7,"18":0},"f":{"0":7,"1":11,"2":3,"3":0,"4":0,"5":0},"b":{"0":[2,5],"1":[0,0,0,4,1]},"_coverageSchema":"1a1c01bbd47fc00a2c39e90264f33305004495a9","hash":"d85c14e16d58c4a02c8193bb45c89016db492a74"}
,"/home/dmitry/sites/react_course/first_dz/src/Parser.ts": {"path":"/home/dmitry/sites/react_course/first_dz/src/Parser.ts","statementMap":{"0":{"start":{"line":6,"column":27},"end":{"line":6,"column":39}},"1":{"start":{"line":7,"column":33},"end":{"line":7,"column":46}},"2":{"start":{"line":10,"column":8},"end":{"line":10,"column":59}},"3":{"start":{"line":12,"column":8},"end":{"line":14,"column":9}},"4":{"start":{"line":13,"column":12},"end":{"line":13,"column":52}},"5":{"start":{"line":16,"column":8},"end":{"line":21,"column":9}},"6":{"start":{"line":20,"column":12},"end":{"line":20,"column":52}},"7":{"start":{"line":23,"column":8},"end":{"line":23,"column":45}},"8":{"start":{"line":26,"column":14},"end":{"line":68,"column":5}},"9":{"start":{"line":27,"column":33},"end":{"line":27,"column":43}},"10":{"start":{"line":28,"column":8},"end":{"line":30,"column":9}},"11":{"start":{"line":29,"column":12},"end":{"line":29,"column":45}},"12":{"start":{"line":32,"column":8},"end":{"line":45,"column":9}},"13":{"start":{"line":33,"column":12},"end":{"line":33,"column":63}},"14":{"start":{"line":35,"column":12},"end":{"line":39,"column":15}},"15":{"start":{"line":36,"column":16},"end":{"line":38,"column":17}},"16":{"start":{"line":37,"column":20},"end":{"line":37,"column":72}},"17":{"start":{"line":40,"column":12},"end":{"line":44,"column":15}},"18":{"start":{"line":41,"column":16},"end":{"line":43,"column":17}},"19":{"start":{"line":42,"column":20},"end":{"line":42,"column":72}},"20":{"start":{"line":47,"column":8},"end":{"line":65,"column":9}},"21":{"start":{"line":48,"column":52},"end":{"line":50,"column":13}},"22":{"start":{"line":52,"column":12},"end":{"line":54,"column":13}},"23":{"start":{"line":53,"column":16},"end":{"line":53,"column":48}},"24":{"start":{"line":56,"column":35},"end":{"line":59,"column":13}},"25":{"start":{"line":61,"column":12},"end":{"line":64,"column":14}},"26":{"start":{"line":67,"column":8},"end":{"line":67,"column":27}},"27":{"start":{"line":70,"column":21},"end":{"line":132,"column":5}},"28":{"start":{"line":71,"column":31},"end":{"line":71,"column":36}},"29":{"start":{"line":73,"column":39},"end":{"line":73,"column":65}},"30":{"start":{"line":75,"column":41},"end":{"line":77,"column":22}},"31":{"start":{"line":79,"column":36},"end":{"line":79,"column":37}},"32":{"start":{"line":80,"column":31},"end":{"line":80,"column":49}},"33":{"start":{"line":81,"column":35},"end":{"line":81,"column":43}},"34":{"start":{"line":83,"column":8},"end":{"line":88,"column":9}},"35":{"start":{"line":83,"column":29},"end":{"line":83,"column":49}},"36":{"start":{"line":84,"column":12},"end":{"line":87,"column":13}},"37":{"start":{"line":85,"column":16},"end":{"line":85,"column":34}},"38":{"start":{"line":86,"column":16},"end":{"line":86,"column":22}},"39":{"start":{"line":90,"column":8},"end":{"line":94,"column":9}},"40":{"start":{"line":91,"column":12},"end":{"line":91,"column":62}},"41":{"start":{"line":93,"column":12},"end":{"line":93,"column":79}},"42":{"start":{"line":96,"column":42},"end":{"line":98,"column":22}},"43":{"start":{"line":100,"column":37},"end":{"line":100,"column":38}},"44":{"start":{"line":102,"column":8},"end":{"line":107,"column":9}},"45":{"start":{"line":102,"column":29},"end":{"line":102,"column":30}},"46":{"start":{"line":103,"column":12},"end":{"line":106,"column":13}},"47":{"start":{"line":104,"column":16},"end":{"line":104,"column":35}},"48":{"start":{"line":105,"column":16},"end":{"line":105,"column":22}},"49":{"start":{"line":109,"column":34},"end":{"line":112,"column":9}},"50":{"start":{"line":114,"column":38},"end":{"line":117,"column":9}},"51":{"start":{"line":119,"column":31},"end":{"line":125,"column":9}},"52":{"start":{"line":127,"column":8},"end":{"line":131,"column":19}},"53":{"start":{"line":134,"column":22},"end":{"line":189,"column":5}},"54":{"start":{"line":138,"column":36},"end":{"line":138,"column":39}},"55":{"start":{"line":140,"column":49},"end":{"line":143,"column":9}},"56":{"start":{"line":145,"column":48},"end":{"line":148,"column":9}},"57":{"start":{"line":150,"column":8},"end":{"line":152,"column":9}},"58":{"start":{"line":151,"column":12},"end":{"line":151,"column":52}},"59":{"start":{"line":154,"column":8},"end":{"line":156,"column":9}},"60":{"start":{"line":155,"column":12},"end":{"line":155,"column":30}},"61":{"start":{"line":158,"column":40},"end":{"line":158,"column":72}},"62":{"start":{"line":160,"column":37},"end":{"line":160,"column":38}},"63":{"start":{"line":162,"column":8},"end":{"line":172,"column":11}},"64":{"start":{"line":163,"column":12},"end":{"line":171,"column":13}},"65":{"start":{"line":164,"column":16},"end":{"line":166,"column":17}},"66":{"start":{"line":165,"column":20},"end":{"line":165,"column":44}},"67":{"start":{"line":168,"column":16},"end":{"line":170,"column":17}},"68":{"start":{"line":169,"column":20},"end":{"line":169,"column":43}},"69":{"start":{"line":174,"column":25},"end":{"line":174,"column":61}},"70":{"start":{"line":176,"column":23},"end":{"line":181,"column":9}},"71":{"start":{"line":183,"column":26},"end":{"line":186,"column":9}},"72":{"start":{"line":188,"column":8},"end":{"line":188,"column":54}},"73":{"start":{"line":191,"column":21},"end":{"line":194,"column":5}},"74":{"start":{"line":192,"column":39},"end":{"line":192,"column":55}},"75":{"start":{"line":193,"column":8},"end":{"line":193,"column":48}},"76":{"start":{"line":196,"column":27},"end":{"line":209,"column":5}},"77":{"start":{"line":200,"column":55},"end":{"line":200,"column":57}},"78":{"start":{"line":201,"column":24},"end":{"line":201,"column":26}},"79":{"start":{"line":202,"column":8},"end":{"line":206,"column":9}},"80":{"start":{"line":205,"column":12},"end":{"line":205,"column":52}},"81":{"start":{"line":208,"column":8},"end":{"line":208,"column":39}}},"fnMap":{"0":{"name":"(anonymous_0)","decl":{"start":{"line":9,"column":4},"end":{"line":9,"column":5}},"loc":{"start":{"line":9,"column":40},"end":{"line":24,"column":5}},"line":9},"1":{"name":"(anonymous_1)","decl":{"start":{"line":26,"column":14},"end":{"line":26,"column":15}},"loc":{"start":{"line":26,"column":51},"end":{"line":68,"column":5}},"line":26},"2":{"name":"(anonymous_2)","decl":{"start":{"line":35,"column":41},"end":{"line":35,"column":42}},"loc":{"start":{"line":35,"column":60},"end":{"line":39,"column":13}},"line":35},"3":{"name":"(anonymous_3)","decl":{"start":{"line":40,"column":41},"end":{"line":40,"column":42}},"loc":{"start":{"line":40,"column":60},"end":{"line":44,"column":13}},"line":40},"4":{"name":"(anonymous_4)","decl":{"start":{"line":70,"column":21},"end":{"line":70,"column":22}},"loc":{"start":{"line":70,"column":68},"end":{"line":132,"column":5}},"line":70},"5":{"name":"(anonymous_5)","decl":{"start":{"line":134,"column":22},"end":{"line":134,"column":23}},"loc":{"start":{"line":137,"column":17},"end":{"line":189,"column":5}},"line":137},"6":{"name":"(anonymous_6)","decl":{"start":{"line":162,"column":37},"end":{"line":162,"column":38}},"loc":{"start":{"line":162,"column":71},"end":{"line":172,"column":9}},"line":162},"7":{"name":"(anonymous_7)","decl":{"start":{"line":191,"column":21},"end":{"line":191,"column":22}},"loc":{"start":{"line":191,"column":70},"end":{"line":194,"column":5}},"line":191},"8":{"name":"(anonymous_8)","decl":{"start":{"line":196,"column":27},"end":{"line":196,"column":28}},"loc":{"start":{"line":199,"column":24},"end":{"line":209,"column":5}},"line":199}},"branchMap":{"0":{"loc":{"start":{"line":12,"column":8},"end":{"line":14,"column":9}},"type":"if","locations":[{"start":{"line":12,"column":8},"end":{"line":14,"column":9}},{"start":{},"end":{}}],"line":12},"1":{"loc":{"start":{"line":12,"column":12},"end":{"line":12,"column":73}},"type":"binary-expr","locations":[{"start":{"line":12,"column":12},"end":{"line":12,"column":39}},{"start":{"line":12,"column":43},"end":{"line":12,"column":73}}],"line":12},"2":{"loc":{"start":{"line":16,"column":8},"end":{"line":21,"column":9}},"type":"if","locations":[{"start":{"line":16,"column":8},"end":{"line":21,"column":9}},{"start":{},"end":{}}],"line":16},"3":{"loc":{"start":{"line":17,"column":12},"end":{"line":18,"column":42}},"type":"binary-expr","locations":[{"start":{"line":17,"column":12},"end":{"line":17,"column":52}},{"start":{"line":18,"column":12},"end":{"line":18,"column":42}}],"line":17},"4":{"loc":{"start":{"line":26,"column":15},"end":{"line":26,"column":38}},"type":"default-arg","locations":[{"start":{"line":26,"column":36},"end":{"line":26,"column":38}}],"line":26},"5":{"loc":{"start":{"line":28,"column":8},"end":{"line":30,"column":9}},"type":"if","locations":[{"start":{"line":28,"column":8},"end":{"line":30,"column":9}},{"start":{},"end":{}}],"line":28},"6":{"loc":{"start":{"line":32,"column":8},"end":{"line":45,"column":9}},"type":"if","locations":[{"start":{"line":32,"column":8},"end":{"line":45,"column":9}},{"start":{},"end":{}}],"line":32},"7":{"loc":{"start":{"line":32,"column":13},"end":{"line":32,"column":60}},"type":"binary-expr","locations":[{"start":{"line":32,"column":13},"end":{"line":32,"column":54}},{"start":{"line":32,"column":58},"end":{"line":32,"column":60}}],"line":32},"8":{"loc":{"start":{"line":36,"column":16},"end":{"line":38,"column":17}},"type":"if","locations":[{"start":{"line":36,"column":16},"end":{"line":38,"column":17}},{"start":{},"end":{}}],"line":36},"9":{"loc":{"start":{"line":41,"column":16},"end":{"line":43,"column":17}},"type":"if","locations":[{"start":{"line":41,"column":16},"end":{"line":43,"column":17}},{"start":{},"end":{}}],"line":41},"10":{"loc":{"start":{"line":47,"column":8},"end":{"line":65,"column":9}},"type":"if","locations":[{"start":{"line":47,"column":8},"end":{"line":65,"column":9}},{"start":{},"end":{}}],"line":47},"11":{"loc":{"start":{"line":47,"column":13},"end":{"line":47,"column":60}},"type":"binary-expr","locations":[{"start":{"line":47,"column":13},"end":{"line":47,"column":54}},{"start":{"line":47,"column":58},"end":{"line":47,"column":60}}],"line":47},"12":{"loc":{"start":{"line":52,"column":12},"end":{"line":54,"column":13}},"type":"if","locations":[{"start":{"line":52,"column":12},"end":{"line":54,"column":13}},{"start":{},"end":{}}],"line":52},"13":{"loc":{"start":{"line":52,"column":16},"end":{"line":52,"column":70}},"type":"binary-expr","locations":[{"start":{"line":52,"column":16},"end":{"line":52,"column":31}},{"start":{"line":52,"column":35},"end":{"line":52,"column":70}}],"line":52},"14":{"loc":{"start":{"line":84,"column":12},"end":{"line":87,"column":13}},"type":"if","locations":[{"start":{"line":84,"column":12},"end":{"line":87,"column":13}},{"start":{},"end":{}}],"line":84},"15":{"loc":{"start":{"line":90,"column":8},"end":{"line":94,"column":9}},"type":"if","locations":[{"start":{"line":90,"column":8},"end":{"line":94,"column":9}},{"start":{},"end":{}}],"line":90},"16":{"loc":{"start":{"line":103,"column":12},"end":{"line":106,"column":13}},"type":"if","locations":[{"start":{"line":103,"column":12},"end":{"line":106,"column":13}},{"start":{},"end":{}}],"line":103},"17":{"loc":{"start":{"line":121,"column":16},"end":{"line":121,"column":61}},"type":"cond-expr","locations":[{"start":{"line":121,"column":38},"end":{"line":121,"column":46}},{"start":{"line":121,"column":49},"end":{"line":121,"column":61}}],"line":121},"18":{"loc":{"start":{"line":123,"column":16},"end":{"line":123,"column":64}},"type":"cond-expr","locations":[{"start":{"line":123,"column":39},"end":{"line":123,"column":48}},{"start":{"line":123,"column":51},"end":{"line":123,"column":64}}],"line":123},"19":{"loc":{"start":{"line":128,"column":12},"end":{"line":128,"column":47}},"type":"cond-expr","locations":[{"start":{"line":128,"column":34},"end":{"line":128,"column":36}},{"start":{"line":128,"column":39},"end":{"line":128,"column":47}}],"line":128},"20":{"loc":{"start":{"line":130,"column":12},"end":{"line":130,"column":49}},"type":"cond-expr","locations":[{"start":{"line":130,"column":35},"end":{"line":130,"column":37}},{"start":{"line":130,"column":40},"end":{"line":130,"column":49}}],"line":130},"21":{"loc":{"start":{"line":136,"column":8},"end":{"line":136,"column":34}},"type":"default-arg","locations":[{"start":{"line":136,"column":31},"end":{"line":136,"column":34}}],"line":136},"22":{"loc":{"start":{"line":150,"column":8},"end":{"line":152,"column":9}},"type":"if","locations":[{"start":{"line":150,"column":8},"end":{"line":152,"column":9}},{"start":{},"end":{}}],"line":150},"23":{"loc":{"start":{"line":154,"column":8},"end":{"line":156,"column":9}},"type":"if","locations":[{"start":{"line":154,"column":8},"end":{"line":156,"column":9}},{"start":{},"end":{}}],"line":154},"24":{"loc":{"start":{"line":163,"column":12},"end":{"line":171,"column":13}},"type":"if","locations":[{"start":{"line":163,"column":12},"end":{"line":171,"column":13}},{"start":{},"end":{}}],"line":163},"25":{"loc":{"start":{"line":164,"column":16},"end":{"line":166,"column":17}},"type":"if","locations":[{"start":{"line":164,"column":16},"end":{"line":166,"column":17}},{"start":{},"end":{}}],"line":164},"26":{"loc":{"start":{"line":168,"column":16},"end":{"line":170,"column":17}},"type":"if","locations":[{"start":{"line":168,"column":16},"end":{"line":170,"column":17}},{"start":{},"end":{}}],"line":168},"27":{"loc":{"start":{"line":168,"column":20},"end":{"line":168,"column":74}},"type":"binary-expr","locations":[{"start":{"line":168,"column":20},"end":{"line":168,"column":50}},{"start":{"line":168,"column":54},"end":{"line":168,"column":74}}],"line":168}},"s":{"0":21,"1":21,"2":21,"3":21,"4":2,"5":19,"6":4,"7":15,"8":21,"9":39,"10":39,"11":15,"12":39,"13":10,"14":9,"15":85,"16":7,"17":9,"18":75,"19":13,"20":38,"21":29,"22":29,"23":0,"24":29,"25":29,"26":9,"27":21,"28":20,"29":20,"30":20,"31":20,"32":20,"33":20,"34":20,"35":20,"36":52,"37":6,"38":6,"39":20,"40":6,"41":6,"42":20,"43":20,"44":20,"45":20,"46":56,"47":7,"48":7,"49":20,"50":20,"51":20,"52":20,"53":21,"54":10,"55":10,"56":10,"57":10,"58":1,"59":9,"60":5,"61":4,"62":4,"63":4,"64":55,"65":37,"66":5,"67":37,"68":4,"69":4,"70":4,"71":4,"72":4,"73":21,"74":0,"75":0,"76":21,"77":20,"78":20,"79":20,"80":13,"81":20},"f":{"0":21,"1":39,"2":85,"3":75,"4":20,"5":10,"6":55,"7":0,"8":20},"b":{"0":[2,19],"1":[21,20],"2":[4,15],"3":[19,17],"4":[15],"5":[15,24],"6":[10,29],"7":[39,0],"8":[7,78],"9":[13,62],"10":[29,9],"11":[38,9],"12":[0,29],"13":[29,29],"14":[6,46],"15":[6,14],"16":[7,49],"17":[14,6],"18":[13,7],"19":[14,6],"20":[13,7],"21":[0],"22":[1,9],"23":[5,4],"24":[37,18],"25":[5,32],"26":[4,33],"27":[37,8]},"_coverageSchema":"1a1c01bbd47fc00a2c39e90264f33305004495a9","hash":"ef1c9926d858b014c904f821dc438c98a901c578"}
,"/home/dmitry/sites/react_course/first_dz/src/MathOperators/Addition.ts": {"path":"/home/dmitry/sites/react_course/first_dz/src/MathOperators/Addition.ts","statementMap":{"0":{"start":{"line":1,"column":19},"end":{"line":3,"column":1}},"1":{"start":{"line":2,"column":4},"end":{"line":2,"column":17}}},"fnMap":{"0":{"name":"(anonymous_0)","decl":{"start":{"line":1,"column":19},"end":{"line":1,"column":20}},"loc":{"start":{"line":1,"column":59},"end":{"line":3,"column":1}},"line":1}},"branchMap":{},"s":{"0":3,"1":3},"f":{"0":3},"b":{},"_coverageSchema":"1a1c01bbd47fc00a2c39e90264f33305004495a9","hash":"612648041cc5e8602f9197933ef99f706a8f9918"}
,"/home/dmitry/sites/react_course/first_dz/src/MathOperators/Division.ts": {"path":"/home/dmitry/sites/react_course/first_dz/src/MathOperators/Division.ts","statementMap":{"0":{"start":{"line":1,"column":19},"end":{"line":7,"column":1}},"1":{"start":{"line":2,"column":4},"end":{"line":4,"column":5}},"2":{"start":{"line":3,"column":8},"end":{"line":3,"column":44}},"3":{"start":{"line":6,"column":4},"end":{"line":6,"column":17}}},"fnMap":{"0":{"name":"(anonymous_0)","decl":{"start":{"line":1,"column":19},"end":{"line":1,"column":20}},"loc":{"start":{"line":1,"column":59},"end":{"line":7,"column":1}},"line":1}},"branchMap":{"0":{"loc":{"start":{"line":2,"column":4},"end":{"line":4,"column":5}},"type":"if","locations":[{"start":{"line":2,"column":4},"end":{"line":4,"column":5}},{"start":{},"end":{}}],"line":2}},"s":{"0":3,"1":5,"2":1,"3":4},"f":{"0":5},"b":{"0":[1,4]},"_coverageSchema":"1a1c01bbd47fc00a2c39e90264f33305004495a9","hash":"70787bc7ee2a3a30625df7bf63411c5e65d685d0"}
,"/home/dmitry/sites/react_course/first_dz/src/MathOperators/Multiplication.ts": {"path":"/home/dmitry/sites/react_course/first_dz/src/MathOperators/Multiplication.ts","statementMap":{"0":{"start":{"line":1,"column":20},"end":{"line":3,"column":1}},"1":{"start":{"line":2,"column":4},"end":{"line":2,"column":17}}},"fnMap":{"0":{"name":"(anonymous_0)","decl":{"start":{"line":1,"column":20},"end":{"line":1,"column":21}},"loc":{"start":{"line":1,"column":60},"end":{"line":3,"column":1}},"line":1}},"branchMap":{},"s":{"0":3,"1":7},"f":{"0":7},"b":{},"_coverageSchema":"1a1c01bbd47fc00a2c39e90264f33305004495a9","hash":"86c11e015f4b984db3f19aaf970d37d0150b3bb1"}
,"/home/dmitry/sites/react_course/first_dz/src/MathOperators/Subtraction.ts": {"path":"/home/dmitry/sites/react_course/first_dz/src/MathOperators/Subtraction.ts","statementMap":{"0":{"start":{"line":1,"column":19},"end":{"line":3,"column":1}},"1":{"start":{"line":2,"column":4},"end":{"line":2,"column":17}}},"fnMap":{"0":{"name":"(anonymous_0)","decl":{"start":{"line":1,"column":19},"end":{"line":1,"column":20}},"loc":{"start":{"line":1,"column":59},"end":{"line":3,"column":1}},"line":1}},"branchMap":{},"s":{"0":3,"1":4},"f":{"0":4},"b":{},"_coverageSchema":"1a1c01bbd47fc00a2c39e90264f33305004495a9","hash":"7fb73eb83df0b00d831c1a5ce20beea6faec4e66"}
}
