{"total": {"lines":{"total":116,"covered":113,"skipped":0,"pct":97.41},"statements":{"total":119,"covered":116,"skipped":0,"pct":97.47},"functions":{"total":20,"covered":19,"skipped":0,"pct":95},"branches":{"total":67,"covered":64,"skipped":0,"pct":95.52},"branchesTrue":{"total":0,"covered":0,"skipped":0,"pct":100}}
,"/home/dmitry/sites/react_course/first_dz/src/MakeAction.ts": {"lines":{"total":18,"covered":18,"skipped":0,"pct":100},"functions":{"total":6,"covered":6,"skipped":0,"pct":100},"statements":{"total":19,"covered":19,"skipped":0,"pct":100},"branches":{"total":7,"covered":7,"skipped":0,"pct":100}}
,"/home/dmitry/sites/react_course/first_dz/src/Parser.ts": {"lines":{"total":77,"covered":74,"skipped":0,"pct":96.1},"functions":{"total":9,"covered":8,"skipped":0,"pct":88.88},"statements":{"total":79,"covered":76,"skipped":0,"pct":96.2},"branches":{"total":48,"covered":45,"skipped":0,"pct":93.75}}
,"/home/dmitry/sites/react_course/first_dz/src/Validator.ts": {"lines":{"total":11,"covered":11,"skipped":0,"pct":100},"functions":{"total":1,"covered":1,"skipped":0,"pct":100},"statements":{"total":11,"covered":11,"skipped":0,"pct":100},"branches":{"total":10,"covered":10,"skipped":0,"pct":100}}
,"/home/dmitry/sites/react_course/first_dz/src/MathOperators/Addition.ts": {"lines":{"total":2,"covered":2,"skipped":0,"pct":100},"functions":{"total":1,"covered":1,"skipped":0,"pct":100},"statements":{"total":2,"covered":2,"skipped":0,"pct":100},"branches":{"total":0,"covered":0,"skipped":0,"pct":100}}
,"/home/dmitry/sites/react_course/first_dz/src/MathOperators/Division.ts": {"lines":{"total":4,"covered":4,"skipped":0,"pct":100},"functions":{"total":1,"covered":1,"skipped":0,"pct":100},"statements":{"total":4,"covered":4,"skipped":0,"pct":100},"branches":{"total":2,"covered":2,"skipped":0,"pct":100}}
,"/home/dmitry/sites/react_course/first_dz/src/MathOperators/Multiplication.ts": {"lines":{"total":2,"covered":2,"skipped":0,"pct":100},"functions":{"total":1,"covered":1,"skipped":0,"pct":100},"statements":{"total":2,"covered":2,"skipped":0,"pct":100},"branches":{"total":0,"covered":0,"skipped":0,"pct":100}}
,"/home/dmitry/sites/react_course/first_dz/src/MathOperators/Subtraction.ts": {"lines":{"total":2,"covered":2,"skipped":0,"pct":100},"functions":{"total":1,"covered":1,"skipped":0,"pct":100},"statements":{"total":2,"covered":2,"skipped":0,"pct":100},"branches":{"total":0,"covered":0,"skipped":0,"pct":100}}
}
