TN:
SF:src/MakeAction.ts
FN:7,(anonymous_0)
FN:8,(anonymous_1)
FN:28,(anonymous_2)
FN:31,(anonymous_3)
FN:34,(anonymous_4)
FN:37,(anonymous_5)
FNF:6
FNH:6
FNDA:7,(anonymous_0)
FNDA:11,(anonymous_1)
FNDA:1,(anonymous_2)
FNDA:1,(anonymous_3)
FNDA:1,(anonymous_4)
FNDA:1,(anonymous_5)
DA:7,11
DA:8,11
DA:10,7
DA:11,2
DA:14,5
DA:16,1
DA:18,1
DA:20,1
DA:22,1
DA:24,1
DA:28,11
DA:29,1
DA:31,11
DA:32,1
DA:34,11
DA:35,1
DA:37,11
DA:38,1
LF:18
LH:18
BRDA:10,0,0,2
BRDA:10,0,1,5
BRDA:14,1,0,1
BRDA:14,1,1,1
BRDA:14,1,2,1
BRDA:14,1,3,1
BRDA:14,1,4,1
BRF:7
BRH:7
end_of_record
TN:
SF:src/Parser.ts
FN:9,(anonymous_0)
FN:26,(anonymous_1)
FN:35,(anonymous_2)
FN:40,(anonymous_3)
FN:70,(anonymous_4)
FN:134,(anonymous_5)
FN:162,(anonymous_6)
FN:191,(anonymous_7)
FN:196,(anonymous_8)
FNF:9
FNH:8
FNDA:21,(anonymous_0)
FNDA:39,(anonymous_1)
FNDA:85,(anonymous_2)
FNDA:75,(anonymous_3)
FNDA:20,(anonymous_4)
FNDA:10,(anonymous_5)
FNDA:55,(anonymous_6)
FNDA:0,(anonymous_7)
FNDA:20,(anonymous_8)
DA:6,21
DA:7,21
DA:10,21
DA:12,21
DA:13,2
DA:16,19
DA:20,4
DA:23,15
DA:26,21
DA:27,39
DA:28,39
DA:29,15
DA:32,39
DA:33,10
DA:35,9
DA:36,85
DA:37,7
DA:40,9
DA:41,75
DA:42,13
DA:47,38
DA:48,29
DA:52,29
DA:53,0
DA:56,29
DA:61,29
DA:67,9
DA:70,21
DA:71,20
DA:73,20
DA:75,20
DA:79,20
DA:80,20
DA:81,20
DA:83,20
DA:84,52
DA:85,6
DA:86,6
DA:90,20
DA:91,6
DA:93,6
DA:96,20
DA:100,20
DA:102,20
DA:103,56
DA:104,7
DA:105,7
DA:109,20
DA:114,20
DA:119,20
DA:127,20
DA:134,21
DA:138,10
DA:140,10
DA:145,10
DA:150,10
DA:151,1
DA:154,9
DA:155,5
DA:158,4
DA:160,4
DA:162,4
DA:163,55
DA:164,37
DA:165,5
DA:168,37
DA:169,4
DA:174,4
DA:176,4
DA:183,4
DA:188,4
DA:191,21
DA:192,0
DA:193,0
DA:196,21
DA:200,20
DA:201,20
DA:202,20
DA:205,13
DA:208,20
LF:80
LH:77
BRDA:12,0,0,2
BRDA:12,0,1,19
BRDA:12,1,0,21
BRDA:12,1,1,20
BRDA:16,2,0,4
BRDA:16,2,1,15
BRDA:17,3,0,19
BRDA:17,3,1,17
BRDA:26,4,0,15
BRDA:28,5,0,15
BRDA:28,5,1,24
BRDA:32,6,0,10
BRDA:32,6,1,29
BRDA:32,7,0,39
BRDA:32,7,1,0
BRDA:36,8,0,7
BRDA:36,8,1,78
BRDA:41,9,0,13
BRDA:41,9,1,62
BRDA:47,10,0,29
BRDA:47,10,1,9
BRDA:47,11,0,38
BRDA:47,11,1,9
BRDA:52,12,0,0
BRDA:52,12,1,29
BRDA:52,13,0,29
BRDA:52,13,1,29
BRDA:84,14,0,6
BRDA:84,14,1,46
BRDA:90,15,0,6
BRDA:90,15,1,14
BRDA:103,16,0,7
BRDA:103,16,1,49
BRDA:121,17,0,14
BRDA:121,17,1,6
BRDA:123,18,0,13
BRDA:123,18,1,7
BRDA:128,19,0,14
BRDA:128,19,1,6
BRDA:130,20,0,13
BRDA:130,20,1,7
BRDA:136,21,0,0
BRDA:150,22,0,1
BRDA:150,22,1,9
BRDA:154,23,0,5
BRDA:154,23,1,4
BRDA:163,24,0,37
BRDA:163,24,1,18
BRDA:164,25,0,5
BRDA:164,25,1,32
BRDA:168,26,0,4
BRDA:168,26,1,33
BRDA:168,27,0,37
BRDA:168,27,1,8
BRF:54
BRH:51
end_of_record
TN:
SF:src/MathOperators/Addition.ts
FN:1,(anonymous_0)
FNF:1
FNH:1
FNDA:3,(anonymous_0)
DA:1,3
DA:2,3
LF:2
LH:2
BRF:0
BRH:0
end_of_record
TN:
SF:src/MathOperators/Division.ts
FN:1,(anonymous_0)
FNF:1
FNH:1
FNDA:5,(anonymous_0)
DA:1,3
DA:2,5
DA:3,1
DA:6,4
LF:4
LH:4
BRDA:2,0,0,1
BRDA:2,0,1,4
BRF:2
BRH:2
end_of_record
TN:
SF:src/MathOperators/Multiplication.ts
FN:1,(anonymous_0)
FNF:1
FNH:1
FNDA:4,(anonymous_0)
DA:1,3
DA:2,4
LF:2
LH:2
BRF:0
BRH:0
end_of_record
TN:
SF:src/MathOperators/Subtraction.ts
FN:1,(anonymous_0)
FNF:1
FNH:1
FNDA:4,(anonymous_0)
DA:1,3
DA:2,4
LF:2
LH:2
BRF:0
BRH:0
end_of_record
